<?xml version="1.0" encoding="UTF-8"?>
<!-- Generated by org.testng.reporters.JUnitXMLReporter -->
<testsuite ignored="0" hostname="DESKTOP-IT1SSOU" failures="0" tests="4" name="Default test" time="0.063" errors="0" timestamp="2022-09-28T11:51:24 IST">
  <testcase classname="TestNGButton" name="@BeforeTest LaunchBrowser" time="-1.664346084471E9">
    <failure type="org.testng.TestNGException" message="
Parameter &amp;apos;Browser&amp;apos; is required by BeforeTest on method LaunchBrowser but has not been marked @Optional or defined
in C:\Users\Admin\AppData\Local\Temp\testng-eclipse-1326524165\testng-customsuite.xml">
      <![CDATA[org.testng.TestNGException: 
Parameter 'Browser' is required by BeforeTest on method LaunchBrowser but has not been marked @Optional or defined
in C:\Users\Admin\AppData\Local\Temp\testng-eclipse-1326524165\testng-customsuite.xml
at org.testng.internal.Parameters.createParams(Parameters.java:270)
at org.testng.internal.Parameters.createParametersForMethod(Parameters.java:358)
at org.testng.internal.Parameters.createParameters(Parameters.java:700)
at org.testng.internal.Parameters.createConfigurationParameters(Parameters.java:168)
at org.testng.internal.ConfigInvoker.invokeConfigurations(ConfigInvoker.java:302)
at org.testng.TestRunner.invokeTestConfigurations(TestRunner.java:637)
at org.testng.TestRunner.beforeRun(TestRunner.java:627)
at org.testng.TestRunner.run(TestRunner.java:589)
at org.testng.SuiteRunner.runTest(SuiteRunner.java:377)
at org.testng.SuiteRunner.runSequentially(SuiteRunner.java:371)
at org.testng.SuiteRunner.privateRun(SuiteRunner.java:332)
at org.testng.SuiteRunner.run(SuiteRunner.java:276)
at org.testng.SuiteRunnerWorker.runSuite(SuiteRunnerWorker.java:53)
at org.testng.SuiteRunnerWorker.run(SuiteRunnerWorker.java:96)
at org.testng.TestNG.runSuitesSequentially(TestNG.java:1212)
at org.testng.TestNG.runSuitesLocally(TestNG.java:1134)
at org.testng.TestNG.runSuites(TestNG.java:1063)
at org.testng.TestNG.run(TestNG.java:1031)
at org.testng.remote.AbstractRemoteTestNG.run(AbstractRemoteTestNG.java:115)
at org.testng.remote.RemoteTestNG.initAndRun(RemoteTestNG.java:251)
at org.testng.remote.RemoteTestNG.main(RemoteTestNG.java:77)
]]>
    </failure>
  </testcase> <!-- @BeforeTest LaunchBrowser -->
  <testcase classname="TestNGButton" name="@BeforeClass CreatePOMObjects" time="-1.664346084497E9">
    <skipped/>
  </testcase> <!-- @BeforeClass CreatePOMObjects -->
  <testcase classname="TestNGButton" name="@BeforeMethod EnterInFacebook" time="-1.66434608451E9">
    <skipped/>
  </testcase> <!-- @BeforeMethod EnterInFacebook -->
  <testcase classname="TestNGButton" name="@AfterMethod LogoutFromAcc" time="-1.664346084514E9">
    <skipped/>
  </testcase> <!-- @AfterMethod LogoutFromAcc -->
  <testcase classname="TestNGButton" name="@BeforeMethod EnterInFacebook" time="-1.664346084515E9">
    <skipped/>
  </testcase> <!-- @BeforeMethod EnterInFacebook -->
  <testcase classname="TestNGButton" name="@AfterMethod LogoutFromAcc" time="-1.664346084521E9">
    <skipped/>
  </testcase> <!-- @AfterMethod LogoutFromAcc -->
  <testcase classname="TestNGButton" name="@BeforeMethod EnterInFacebook" time="-1.664346084522E9">
    <skipped/>
  </testcase> <!-- @BeforeMethod EnterInFacebook -->
  <testcase classname="TestNGButton" name="@AfterMethod LogoutFromAcc" time="-1.664346084525E9">
    <skipped/>
  </testcase> <!-- @AfterMethod LogoutFromAcc -->
  <testcase classname="TestNGButton" name="@BeforeMethod EnterInFacebook" time="-1.664346084526E9">
    <skipped/>
  </testcase> <!-- @BeforeMethod EnterInFacebook -->
  <testcase classname="TestNGButton" name="@AfterMethod LogoutFromAcc" time="-1.664346084528E9">
    <skipped/>
  </testcase> <!-- @AfterMethod LogoutFromAcc -->
  <testcase classname="TestNGButton" name="@AfterClass removePOMObjects" time="-1.664346084529E9">
    <skipped/>
  </testcase> <!-- @AfterClass removePOMObjects -->
  <testcase classname="TestNGButton" name="@AfterTest ExitFromBrowser" time="-1.664346084532E9">
    <skipped/>
  </testcase> <!-- @AfterTest ExitFromBrowser -->
  <testcase classname="TestNGButton" name="VerifyBlockButtonActivity" time="0.001">
    <skipped/>
  </testcase> <!-- VerifyBlockButtonActivity -->
  <testcase classname="TestNGButton" name="VerifyMessageButtonActivity" time="0.0">
    <skipped/>
  </testcase> <!-- VerifyMessageButtonActivity -->
  <testcase classname="TestNGButton" name="VerifyUnfollowButtonActivity" time="0.0">
    <skipped/>
  </testcase> <!-- VerifyUnfollowButtonActivity -->
  <testcase classname="TestNGButton" name="VerifyUnfrienButtonActivity" time="0.0">
    <skipped/>
  </testcase> <!-- VerifyUnfrienButtonActivity -->
</testsuite> <!-- Default test -->
