<?xml version="1.0" encoding="UTF-8"?>
<!-- Generated by org.testng.reporters.JUnitXMLReporter -->
<testsuite ignored="0" hostname="DESKTOP-IT1SSOU" failures="2" tests="5" name="FirefoxTest1" time="115.428" errors="0" timestamp="2022-09-23T13:38:00 IST">
  <testcase classname="Test.TestNGMessenger" name="VerifyMessenger" time="0.001">
    <failure type="java.lang.Error" message="Unresolved compilation problem: 
	The method clickOnMandar() is undefined for the type MessengerPage
">
      <![CDATA[java.lang.Error: Unresolved compilation problem: 
The method clickOnMandar() is undefined for the type MessengerPage

at Test.TestNGMessenger.VerifyMessenger(TestNGMessenger.java:41)
at java.base/java.util.ArrayList.forEach(ArrayList.java:1511)
... Removed 25 stack frames]]>
    </failure>
  </testcase> <!-- VerifyMessenger -->
  <testcase classname="Test.TestNGTest1" name="VerifyMessageButtonActivity" time="0.424">
    <failure type="java.lang.AssertionError" message="The following asserts failed:
	Text Of Message button is wrong. expected [Message] but found [Message Michael]">
      <![CDATA[java.lang.AssertionError: The following asserts failed:
Text Of Message button is wrong. expected [Message] but found [Message Michael]
at Test.TestNGTest1.VerifyMessageButtonActivity(TestNGTest1.java:110)
at java.base/java.util.ArrayList.forEach(ArrayList.java:1511)
... Removed 27 stack frames]]>
    </failure>
  </testcase> <!-- VerifyMessageButtonActivity -->
  <testcase classname="Test.TestNGTest1" name="VerifyUnfollowButtonActivity" time="0.6"/>
  <testcase classname="Test.TestNGTest1" name="VerifyBlockButtonActivity" time="0.889"/>
  <testcase classname="Test.TestNGTest1" name="VerifyUnfrienButtonActivity" time="0.0">
    <skipped/>
  </testcase> <!-- VerifyUnfrienButtonActivity -->
</testsuite> <!-- FirefoxTest1 -->
